<?xml version="1.0" encoding="UTF-8"?>
<testsuite name="backend.ToggleGameEngineTest$FirstDeliverableTests" tests="3" skipped="0" failures="0" errors="0" timestamp="2024-01-22T16:46:58" hostname="Omars-MacBook-Air.local" time="0.002">
  <properties/>
  <testcase name="Initial Board is &quot;111111111&quot;" classname="backend.ToggleGameEngineTest$FirstDeliverableTests" time="0.0"/>
  <testcase name="Moves remaining when Target is Initial Board" classname="backend.ToggleGameEngineTest$FirstDeliverableTests" time="0.0"/>
  <testcase name="Moves remaining when Target is Initial Board" classname="backend.ToggleGameEngineTest$FirstDeliverableTests" time="0.0"/>
  <system-out><![CDATA[]]></system-out>
  <system-err><![CDATA[]]></system-err>
</testsuite>
